Arguments: 
  /usr/bin/node /usr/share/yarn/bin/yarn.js

PATH: 
  /usr/local/sbin:/usr/local/bin:/usr/sbin:/usr/bin:/sbin:/bin:/usr/games:/usr/local/games:/snap/bin

Yarn version: 
  1.22.5

Node version: 
  10.19.0

Platform: 
  linux arm64

Trace: 
  SyntaxError: /home/ubuntu/k8experiments/k3sonpi/demo/package.json: Unexpected token , in JSON at position 129
      at JSON.parse (<anonymous>)
      at /usr/share/yarn/lib/cli.js:1625:59
      at Generator.next (<anonymous>)
      at step (/usr/share/yarn/lib/cli.js:310:30)
      at /usr/share/yarn/lib/cli.js:321:13

npm manifest: 
  {
    "name": "docker image",
    "version": "1.0.0",
    "description": "Node.js on Docker",
    "author": "Ahm.Asaduzzaman@icloud.com",,
    "main": "server.js",
    "scripts": {
      "start": "node server.js"
    },
    "dependencies": {
      "express": "^4.16.1"
    }
  }

yarn manifest: 
  No manifest

Lockfile: 
  No lockfile
